<?xml version="1.0" encoding="UTF-8"?>
<!-- Generated by org.testng.reporters.JUnitXMLReporter -->
<testsuite hostname="Doremon" ignored="1" name="Upcoming Honda Bikes Mozila" tests="1" failures="0" timestamp="2020-09-02T12:29:08 IST" time="77.849" errors="0">
  <testcase name="upcomingHondaBikesTest" time="74.732" classname="TestCases.UpcomingHondaBikes"/>
  <testcase name="upcomingHondaBikesTestSmoke" time="0.0" classname="TestCases.UpcomingHondaBikes">
    <ignored/>
  </testcase> <!-- upcomingHondaBikesTestSmoke -->
</testsuite> <!-- Upcoming Honda Bikes Mozila -->
