<?xml version="1.0" encoding="UTF-8"?>
<!-- Generated by org.testng.reporters.JUnitXMLReporter -->
<testsuite hostname="Doremon" ignored="6" name="Invalid Google Login Test" tests="1" failures="0" timestamp="2020-08-19T07:34:33 IST" time="21.457" errors="0">
  <testcase name="profile_btn_and_google" time="14.229" classname="TestCases.InvalidLoginTest"/>
  <testcase name="v_mail_inv_pswd" time="0.0" classname="TestCases.InvalidLoginTest">
    <ignored/>
  </testcase> <!-- v_mail_inv_pswd -->
  <testcase name="v_phn_inv_pswd" time="0.0" classname="TestCases.InvalidLoginTest">
    <ignored/>
  </testcase> <!-- v_phn_inv_pswd -->
  <testcase name="nullmail" time="0.0" classname="TestCases.InvalidLoginTest">
    <ignored/>
  </testcase> <!-- nullmail -->
  <testcase name="v_mail_null_pswd" time="0.0" classname="TestCases.InvalidLoginTest">
    <ignored/>
  </testcase> <!-- v_mail_null_pswd -->
  <testcase name="invalidmail" time="0.0" classname="TestCases.InvalidLoginTest">
    <ignored/>
  </testcase> <!-- invalidmail -->
  <testcase name="invalidphn" time="0.0" classname="TestCases.InvalidLoginTest">
    <ignored/>
  </testcase> <!-- invalidphn -->
</testsuite> <!-- Invalid Google Login Test -->
