<?xml version="1.0" encoding="UTF-8"?>
<!-- Generated by org.testng.reporters.JUnitXMLReporter -->
<testsuite hostname="Doremon" ignored="2" name="Popular Models in Used Cars In Chennai" tests="1" failures="0" timestamp="2020-08-19T07:34:29 IST" time="17.726" errors="0">
  <testcase name="popularModelsTestSmoke" time="16.653" classname="TestCases.PopularModelsInChennai"/>
  <testcase name="popularModelsTestUsingMinMax" time="0.0" classname="TestCases.PopularModelsInChennai">
    <ignored/>
  </testcase> <!-- popularModelsTestUsingMinMax -->
  <testcase name="popularModelsTestUsingRadioButton" time="0.0" classname="TestCases.PopularModelsInChennai">
    <ignored/>
  </testcase> <!-- popularModelsTestUsingRadioButton -->
</testsuite> <!-- Popular Models in Used Cars In Chennai -->
