<?xml version="1.0" encoding="UTF-8"?>
<!-- Generated by org.testng.reporters.JUnitXMLReporter -->
<testsuite hostname="Doremon" ignored="1" name="Upcoming Honda Bikes" tests="1" failures="0" timestamp="2020-08-19T07:34:33 IST" time="21.819" errors="0">
  <testcase name="upcomingHondaBikesTestSmoke" time="20.961" classname="TestCases.UpcomingHondaBikes"/>
  <testcase name="upcomingHondaBikesTest" time="0.0" classname="TestCases.UpcomingHondaBikes">
    <ignored/>
  </testcase> <!-- upcomingHondaBikesTest -->
</testsuite> <!-- Upcoming Honda Bikes -->
